<?xml version="1.0" encoding="UTF-8"?>
<!-- Generated by org.testng.reporters.JUnitXMLReporter -->
<testsuite ignored="0" hostname="nishants-MBP" failures="0" tests="3" name="Default test" time="69.198" errors="0" timestamp="2021-06-23T21:59:02 CEST">
  <testcase classname="test.verifyAppFeature" name="SignUpUsingIncorrectPhone" time="8.07"/>
  <testcase classname="test.verifyAppFeature" name="SignUpUsingIncorrectSms" time="12.561"/>
  <testcase classname="test.verifyAppFeature" name="successfulOnboarding" time="11.721"/>
</testsuite> <!-- Default test -->
