<?xml version="1.0" encoding="UTF-8"?>
<testng-results ignored="0" total="3" passed="3" failed="0" skipped="0">
  <reporter-output>
  </reporter-output>
  <suite started-at="2021-06-23T21:57:52 CEST" name="Default suite" finished-at="2021-06-23T21:59:02 CEST" duration-ms="69198">
    <groups>
    </groups>
    <test started-at="2021-06-23T21:57:52 CEST" name="Default test" finished-at="2021-06-23T21:59:02 CEST" duration-ms="69198">
      <class name="test.verifyAppFeature">
        <test-method is-config="true" signature="beforeTestStarts()[pri:0, instance:test.verifyAppFeature@7a52f2a2]" started-at="2021-06-23T21:57:53 CEST" name="beforeTestStarts" finished-at="2021-06-23T21:58:06 CEST" duration-ms="13816" status="PASS">
          <reporter-output>
          </reporter-output>
        </test-method> <!-- beforeTestStarts -->
        <test-method signature="SignUpUsingIncorrectPhone()[pri:0, instance:test.verifyAppFeature@7a52f2a2]" started-at="2021-06-23T21:58:06 CEST" name="SignUpUsingIncorrectPhone" finished-at="2021-06-23T21:58:14 CEST" duration-ms="8070" status="PASS">
          <reporter-output>
          </reporter-output>
        </test-method> <!-- SignUpUsingIncorrectPhone -->
        <test-method is-config="true" signature="afterTestStops()[pri:0, instance:test.verifyAppFeature@7a52f2a2]" started-at="2021-06-23T21:58:14 CEST" name="afterTestStops" finished-at="2021-06-23T21:58:15 CEST" duration-ms="1077" status="PASS">
          <reporter-output>
          </reporter-output>
        </test-method> <!-- afterTestStops -->
        <test-method is-config="true" signature="beforeTestStarts()[pri:0, instance:test.verifyAppFeature@7a52f2a2]" started-at="2021-06-23T21:58:15 CEST" name="beforeTestStarts" finished-at="2021-06-23T21:58:26 CEST" duration-ms="10570" status="PASS">
          <reporter-output>
          </reporter-output>
        </test-method> <!-- beforeTestStarts -->
        <test-method signature="SignUpUsingIncorrectSms()[pri:0, instance:test.verifyAppFeature@7a52f2a2]" started-at="2021-06-23T21:58:26 CEST" name="SignUpUsingIncorrectSms" finished-at="2021-06-23T21:58:39 CEST" duration-ms="12561" status="PASS">
          <reporter-output>
          </reporter-output>
        </test-method> <!-- SignUpUsingIncorrectSms -->
        <test-method is-config="true" signature="afterTestStops()[pri:0, instance:test.verifyAppFeature@7a52f2a2]" started-at="2021-06-23T21:58:39 CEST" name="afterTestStops" finished-at="2021-06-23T21:58:40 CEST" duration-ms="1052" status="PASS">
          <reporter-output>
          </reporter-output>
        </test-method> <!-- afterTestStops -->
        <test-method is-config="true" signature="beforeTestStarts()[pri:0, instance:test.verifyAppFeature@7a52f2a2]" started-at="2021-06-23T21:58:40 CEST" name="beforeTestStarts" finished-at="2021-06-23T21:58:49 CEST" duration-ms="9079" status="PASS">
          <reporter-output>
          </reporter-output>
        </test-method> <!-- beforeTestStarts -->
        <test-method signature="successfulOnboarding()[pri:0, instance:test.verifyAppFeature@7a52f2a2]" started-at="2021-06-23T21:58:49 CEST" name="successfulOnboarding" finished-at="2021-06-23T21:59:00 CEST" duration-ms="11721" status="PASS">
          <reporter-output>
          </reporter-output>
        </test-method> <!-- successfulOnboarding -->
        <test-method is-config="true" signature="afterTestStops()[pri:0, instance:test.verifyAppFeature@7a52f2a2]" started-at="2021-06-23T21:59:00 CEST" name="afterTestStops" finished-at="2021-06-23T21:59:02 CEST" duration-ms="1208" status="PASS">
          <reporter-output>
          </reporter-output>
        </test-method> <!-- afterTestStops -->
      </class> <!-- test.verifyAppFeature -->
    </test> <!-- Default test -->
  </suite> <!-- Default suite -->
</testng-results>
